<?xml version="1.0" encoding="UTF-8"?>
<!-- Generated by org.testng.reporters.JUnitReportReporter -->
<testsuite hostname="SANDEEP" failures="0" tests="1" name="Questions.Q5" time="10.249" errors="0" timestamp="2025-08-26T14:51:33 IST" skipped="0">
  <testcase classname="Questions.Q5" name="f" time="10.249"/>
</testsuite> <!-- Questions.Q5 -->
