<?xml version="1.0" encoding="UTF-8"?>
<!-- Generated by org.testng.reporters.JUnitReportReporter -->
<testsuite hostname="SANDEEP" failures="0" tests="1" name="selenium.lab8B_testNG" time="9.344" errors="0" timestamp="2025-08-19T15:13:33 IST" skipped="0">
  <testcase classname="selenium.lab8B_testNG" name="f" time="9.344"/>
</testsuite> <!-- selenium.lab8B_testNG -->
