<?xml version="1.0" encoding="UTF-8"?>
<!-- Generated by org.testng.reporters.JUnitReportReporter -->
<testsuite hostname="SANDEEP" failures="0" tests="1" name="Questions.Q6" time="13.908" errors="0" timestamp="2025-08-26T14:52:31 IST" skipped="0">
  <testcase classname="Questions.Q6" name="f" time="13.908"/>
</testsuite> <!-- Questions.Q6 -->
