<?xml version="1.0" encoding="UTF-8"?>
<!-- Generated by org.testng.reporters.JUnitReportReporter -->
<testsuite hostname="SANDEEP" failures="0" tests="2" name="selenium.tc0012_TestNG" time="20.808" errors="0" timestamp="2025-08-22T21:17:03 IST" skipped="0">
  <testcase classname="selenium.tc0012_TestNG" name="f" time="11.906"/>
  <testcase classname="selenium.tc0012_TestNG" name="f" time="8.902"/>
</testsuite> <!-- selenium.tc0012_TestNG -->
