<?xml version="1.0" encoding="UTF-8"?>
<!-- Generated by org.testng.reporters.JUnitReportReporter -->
<testsuite hostname="SANDEEP" failures="0" tests="1" name="selenium.lab8A" time="5.184" errors="0" timestamp="2025-08-19T14:31:42 IST" skipped="0">
  <testcase classname="selenium.lab8A" name="f" time="5.184"/>
</testsuite> <!-- selenium.lab8A -->
