<?xml version="1.0" encoding="UTF-8"?>
<!-- Generated by org.testng.reporters.JUnitReportReporter -->
<testsuite hostname="SANDEEP" failures="0" tests="1" name="Questions.Q8" time="17.411" errors="0" timestamp="2025-08-26T14:56:38 IST" skipped="0">
  <testcase classname="Questions.Q8" name="f" time="17.411"/>
</testsuite> <!-- Questions.Q8 -->
