<?xml version="1.0" encoding="UTF-8"?>
<!-- Generated by org.testng.reporters.JUnitReportReporter -->
<testsuite hostname="SANDEEP" failures="0" tests="3" name="selenium.tc0013" time="45.426" errors="0" timestamp="2025-08-19T10:57:50 IST" skipped="0">
  <testcase classname="selenium.tc0013" name="test2" time="39.920"/>
  <testcase classname="selenium.tc0013" name="test3" time="1.516"/>
  <testcase classname="selenium.tc0013" name="test1" time="3.990"/>
</testsuite> <!-- selenium.tc0013 -->
