<?xml version="1.0" encoding="UTF-8"?>
<!-- Generated by org.testng.reporters.JUnitReportReporter -->
<testsuite hostname="SANDEEP" failures="0" tests="3" name="selenium.tc0013" time="69.452" errors="0" timestamp="2025-08-24T12:16:38 IST" skipped="0">
  <testcase classname="selenium.tc0013" name="test2" time="56.162"/>
  <testcase classname="selenium.tc0013" name="test3" time="7.387"/>
  <testcase classname="selenium.tc0013" name="test1" time="5.903"/>
</testsuite> <!-- selenium.tc0013 -->
