<?xml version="1.0" encoding="UTF-8"?>
<!-- Generated by org.testng.reporters.JUnitReportReporter -->
<testsuite hostname="SANDEEP" failures="0" tests="1" name="Questions.Q1" time="21.453" errors="0" timestamp="2025-08-26T11:54:11 IST" skipped="0">
  <testcase classname="Questions.Q1" name="openGoogle" time="21.453"/>
</testsuite> <!-- Questions.Q1 -->
