<?xml version="1.0" encoding="UTF-8"?>
<!-- Generated by org.testng.reporters.JUnitReportReporter -->
<testsuite hostname="SANDEEP" failures="0" tests="2" name="selenium.tc0012_TestNG2" time="14.796" errors="0" timestamp="2025-08-20T14:37:02 IST" skipped="0">
  <testcase classname="selenium.tc0012_TestNG2" name="f" time="6.954"/>
  <testcase classname="selenium.tc0012_TestNG2" name="f" time="7.842"/>
</testsuite> <!-- selenium.tc0012_TestNG2 -->
