<?xml version="1.0" encoding="UTF-8"?>
<!-- Generated by org.testng.reporters.JUnitReportReporter -->
<testsuite hostname="SANDEEP" failures="0" tests="1" name="selenium.tc0012_TestNG2" time="6.924" errors="0" timestamp="2025-08-23T18:17:32 IST" skipped="0">
  <testcase classname="selenium.tc0012_TestNG2" name="registerUserTest" time="6.924"/>
</testsuite> <!-- selenium.tc0012_TestNG2 -->
