<?xml version="1.0" encoding="UTF-8"?>
<!-- Generated by org.testng.reporters.JUnitReportReporter -->
<testsuite hostname="SANDEEP" failures="0" tests="1" name="selenium.lab8A_testNG" time="2.833" errors="0" timestamp="2025-08-20T09:31:12 IST" skipped="0">
  <testcase classname="selenium.lab8A_testNG" name="f" time="2.833"/>
</testsuite> <!-- selenium.lab8A_testNG -->
