<?xml version="1.0" encoding="UTF-8"?>
<!-- Generated by org.testng.reporters.JUnitReportReporter -->
<testsuite hostname="SANDEEP" failures="0" tests="1" name="Questions.Q9" time="6.494" errors="0" timestamp="2025-08-26T15:01:25 IST" skipped="0">
  <testcase classname="Questions.Q9" name="f" time="6.494"/>
</testsuite> <!-- Questions.Q9 -->
