<?xml version="1.0" encoding="UTF-8"?>
<!-- Generated by org.testng.reporters.JUnitReportReporter -->
<testsuite hostname="SANDEEP" failures="0" tests="2" name="selenium.tc0012_TestNG" time="17.906" errors="0" timestamp="2025-08-20T14:10:24 IST" skipped="0">
  <testcase classname="selenium.tc0012_TestNG" name="f" time="7.032"/>
  <testcase classname="selenium.tc0012_TestNG" name="f" time="10.874"/>
</testsuite> <!-- selenium.tc0012_TestNG -->
