<?xml version="1.0" encoding="UTF-8"?>
<!-- Generated by org.testng.reporters.JUnitReportReporter -->
<testsuite hostname="SANDEEP" failures="0" tests="1" name="Questions.Q7" time="11.174" errors="0" timestamp="2025-08-26T14:54:04 IST" skipped="0">
  <testcase classname="Questions.Q7" name="f" time="11.174"/>
</testsuite> <!-- Questions.Q7 -->
