<?xml version="1.0" encoding="UTF-8"?>
<!-- Generated by org.testng.reporters.JUnitReportReporter -->
<testsuite hostname="SANDEEP" failures="0" tests="1" name="Questions.Q3" time="39.338" errors="0" timestamp="2025-08-26T14:17:40 IST" skipped="0">
  <testcase classname="Questions.Q3" name="f" time="39.338"/>
</testsuite> <!-- Questions.Q3 -->
