<?xml version="1.0" encoding="UTF-8"?>
<!-- Generated by org.testng.reporters.JUnitReportReporter -->
<testsuite hostname="SANDEEP" failures="0" tests="1" name="Questions.Q2" time="11.225" errors="0" timestamp="2025-08-26T11:55:41 IST" skipped="0">
  <testcase classname="Questions.Q2" name="loginTest" time="11.225"/>
</testsuite> <!-- Questions.Q2 -->
