<?xml version="1.0" encoding="UTF-8"?>
<!-- Generated by org.testng.reporters.JUnitReportReporter -->
<testsuite hostname="SANDEEP" failures="0" tests="2" name="selenium.lab14_testNG" time="15.976" errors="0" timestamp="2025-08-23T18:11:38 IST" skipped="0">
  <testcase classname="selenium.lab14_testNG" name="f" time="7.457"/>
  <testcase classname="selenium.lab14_testNG" name="f" time="8.519"/>
</testsuite> <!-- selenium.lab14_testNG -->
